c:\users\administrator\source\repos\manageserver\x64\release\vc142.pdb
c:\users\administrator\source\repos\manageserver\x64\release\qrc_manageserver.obj
c:\users\administrator\source\repos\manageserver\x64\release\main.obj
c:\users\administrator\source\repos\manageserver\x64\release\managesql.obj
c:\users\administrator\source\repos\manageserver\x64\release\manageserver.obj
c:\users\administrator\source\repos\manageserver\x64\release\moc_manageserver.obj
c:\users\administrator\source\repos\manageserver\x64\release\moc_managesql.obj
c:\users\administrator\source\repos\managementsystem\x64\release\manageserver.exe
c:\users\administrator\source\repos\manageserver\x64\release\manageserver.ipdb
c:\users\administrator\source\repos\manageserver\x64\release\manageserver.iobj
c:\users\administrator\source\repos\manageserver\x64\release\qt\uic\ui_manageserver.h
c:\users\administrator\source\repos\manageserver\x64\release\qt\rcc\qrc_manageserver.cpp
c:\users\administrator\source\repos\manageserver\x64\release\qt\moc\moc_manageserver.cpp
c:\users\administrator\source\repos\manageserver\x64\release\qt\moc\moc_managesql.cpp
c:\users\administrator\source\repos\manageserver\x64\release\manageserver.tlog\cl.command.1.tlog
c:\users\administrator\source\repos\manageserver\x64\release\manageserver.tlog\cl.read.1.tlog
c:\users\administrator\source\repos\manageserver\x64\release\manageserver.tlog\cl.write.1.tlog
c:\users\administrator\source\repos\manageserver\x64\release\manageserver.tlog\link.command.1.tlog
c:\users\administrator\source\repos\manageserver\x64\release\manageserver.tlog\link.read.1.tlog
c:\users\administrator\source\repos\manageserver\x64\release\manageserver.tlog\link.write.1.tlog
c:\users\administrator\source\repos\manageserver\x64\release\manageserver.tlog\manageserver.write.1u.tlog
c:\users\administrator\source\repos\manageserver\x64\release\manageserver.tlog\moc.read.1u.tlog
c:\users\administrator\source\repos\manageserver\x64\release\manageserver.tlog\moc.write.1u.tlog
c:\users\administrator\source\repos\manageserver\x64\release\manageserver.tlog\rcc.read.1u.tlog
c:\users\administrator\source\repos\manageserver\x64\release\manageserver.tlog\rcc.write.1u.tlog
c:\users\administrator\source\repos\manageserver\x64\release\manageserver.tlog\uic.read.1u.tlog
c:\users\administrator\source\repos\manageserver\x64\release\manageserver.tlog\uic.write.1u.tlog
