c:\users\administrator\source\repos\manageserver\x64\debug\vc142.pdb
c:\users\administrator\source\repos\manageserver\x64\debug\vc142.idb
c:\users\administrator\source\repos\manageserver\x64\debug\qrc_manageserver.obj
c:\users\administrator\source\repos\manageserver\x64\debug\manageserver.obj
c:\users\administrator\source\repos\manageserver\x64\debug\managesql.obj
c:\users\administrator\source\repos\manageserver\x64\debug\main.obj
c:\users\administrator\source\repos\manageserver\x64\debug\moc_managesql.obj
c:\users\administrator\source\repos\manageserver\x64\debug\moc_manageserver.obj
c:\users\administrator\source\repos\manageserver\x64\debug\manageserver.ilk
c:\users\administrator\source\repos\managementsystem\x64\debug\manageserver.exe
c:\users\administrator\source\repos\managementsystem\x64\debug\manageserver.pdb
c:\users\administrator\source\repos\manageserver\x64\debug\uic\ui_manageserver.h
c:\users\administrator\source\repos\manageserver\x64\debug\rcc\qrc_manageserver.cpp
c:\users\administrator\source\repos\manageserver\x64\debug\moc\moc_manageserver.cpp
c:\users\administrator\source\repos\manageserver\x64\debug\moc\moc_managesql.cpp
c:\users\administrator\source\repos\manageserver\x64\debug\manageserver.tlog\cl.command.1.tlog
c:\users\administrator\source\repos\manageserver\x64\debug\manageserver.tlog\cl.read.1.tlog
c:\users\administrator\source\repos\manageserver\x64\debug\manageserver.tlog\cl.write.1.tlog
c:\users\administrator\source\repos\manageserver\x64\debug\manageserver.tlog\link.command.1.tlog
c:\users\administrator\source\repos\manageserver\x64\debug\manageserver.tlog\link.read.1.tlog
c:\users\administrator\source\repos\manageserver\x64\debug\manageserver.tlog\link.write.1.tlog
c:\users\administrator\source\repos\manageserver\x64\debug\manageserver.tlog\manageserver.write.1u.tlog
c:\users\administrator\source\repos\manageserver\x64\debug\manageserver.tlog\moc.read.1u.tlog
c:\users\administrator\source\repos\manageserver\x64\debug\manageserver.tlog\moc.write.1u.tlog
c:\users\administrator\source\repos\manageserver\x64\debug\manageserver.tlog\rcc.read.1u.tlog
c:\users\administrator\source\repos\manageserver\x64\debug\manageserver.tlog\rcc.write.1u.tlog
c:\users\administrator\source\repos\manageserver\x64\debug\manageserver.tlog\uic.read.1u.tlog
c:\users\administrator\source\repos\manageserver\x64\debug\manageserver.tlog\uic.write.1u.tlog
